ISim log file
Running: /home/dual/cs5180411/Desktop/Assignment5/assign5_isim_beh.exe -intstyle ise -gui -tclbatch isim.cmd -wdb /home/dual/cs5180411/Desktop/Assignment5/assign5_isim_beh.wdb 
INFO: There is another simulation running in the same directory. Using database file name isim2.wdb.
ISim P.20131013 (signature 0xfbc00daa)
This is a Full version of ISim.
Time resolution is 1 ps
# onerror resume
# wave add /
# run 1000 ns
Simulator is doing circuit initialization process.
Finished circuit initialization process.
# isim force add /assign5/mainclock1 1 -radix bin -value 0 -radix bin -time 500 ps -repeat 1 ns
# isim force add /assign5/pause 0 -radix bin -cancel 0 fs
# isim force add /assign5/mainclock1 1 -radix bin -value 0 -radix bin -time 500 ps -repeat 1 ns
# isim force add /assign5/pause 0 -radix bin
# isim force add /assign5/reset 0 -radix bin
# isim force add /assign5/start 1 -radix bin
# run 10.00ms
Stopped at time : 3607183500 ps : File "/home/dual/cs5180411/Desktop/Assignment5/assign5.vhf" Line 129
# exit 0
# exit 0
# exit 0
