Running: /opt/Xilinx/14.7/ISE_DS/ISE/bin/lin64/unwrapped/fuse -intstyle ise -incremental -lib secureip -o /home/dual/cs5180411/Desktop/Assignment 4 using assign3 real/assign4/assign4_isim_beh.exe -prj /home/dual/cs5180411/Desktop/Assignment 4 using assign3 real/assign4/assign4_beh.prj work.assign4 
ISim P.20131013 (signature 0xfbc00daa)
Number of CPUs detected in this system: 4
Turning on mult-threading, number of parallel sub-compilation jobs: 8 
Determining compilation order of HDL files
WARNING:Simulator:1010 - One or more environment variables have been detected which affect the operation of the C compiler. These are typically not set in standard installations and are not tested by Xilinx, however they may be appropriate for your system, so the flow will attempt to continue.  If errors occur, try running fuse with the "-mt off -v 1" switches to see more information from the C compiler. The following environment variables have been detected:
Parsing VHDL file "/home/dual/cs5180411/Desktop/Assignment 4 using assign3 real/assign4/symbol3.vhf" into library work
Parsing VHDL file "/home/dual/cs5180411/Desktop/Assignment 4 using assign3 real/assign4/timingcircuit.vhf" into library work
Parsing VHDL file "/home/dual/cs5180411/Desktop/Assignment 4 using assign3 real/assign4/assign4.vhf" into library work
Starting static elaboration
Completed static elaboration
Fuse Memory Usage: 112672 KB
Fuse CPU Usage: 950 ms
Compiling package standard
Compiling package std_logic_1164
Compiling package numeric_std
Compiling package vcomponents
Compiling architecture m4_1e_hxilinx_assign4_v of entity M4_1E_HXILINX_assign4 [m4_1e_hxilinx_assign4_default]
Compiling architecture d4_16e_hxilinx_symbol3_v of entity D4_16E_HXILINX_symbol3 [d4_16e_hxilinx_symbol3_default]
Compiling architecture or4_v of entity OR4 [or4_default]
Compiling architecture or6_hxilinx_symbol3_v of entity OR6_HXILINX_symbol3 [or6_hxilinx_symbol3_default]
Compiling architecture or5_v of entity OR5 [or5_default]
Compiling architecture behavioral of entity symbol3 [symbol3_default]
Compiling architecture d2_4e_hxilinx_assign4_v of entity D2_4E_HXILINX_assign4 [d2_4e_hxilinx_assign4_default]
Compiling architecture behavioral of entity FTC_HXILINX_assign4 [\FTC_HXILINX_assign4('0')\]
Compiling architecture and2_v of entity AND2 [and2_default]
Compiling architecture behavioral of entity timingcircuit_MUSER_assign4 [timingcircuit_muser_assign4_defa...]
Compiling architecture inv_v of entity INV [inv_default]
Compiling architecture behavioral of entity assign4
Time Resolution for simulation is 1ps.
Waiting for 6 sub-compilation(s) to finish...
Compiled 27 VHDL Units
Built simulation executable /home/dual/cs5180411/Desktop/Assignment 4 using assign3 real/assign4/assign4_isim_beh.exe
Fuse Memory Usage: 685696 KB
Fuse CPU Usage: 1040 ms
GCC CPU Usage: 460 ms
